<?xml version="1.0" encoding="UTF-8"?>
<testsuite xmlns:xsi="http://www.w3.org/2001/XMLSchema-instance" xsi:noNamespaceSchemaLocation="https://maven.apache.org/surefire/maven-surefire-plugin/xsd/surefire-test-report.xsd" name="com.example.TliasWebManagementApplicationTests" time="0.52" tests="3" errors="1" skipped="0" failures="0">
  <properties>
    <property name="sun.desktop" value="windows"/>
    <property name="awt.toolkit" value="sun.awt.windows.WToolkit"/>
    <property name="java.specification.version" value="11"/>
    <property name="sun.cpu.isalist" value="amd64"/>
    <property name="sun.jnu.encoding" value="GBK"/>
    <property name="java.class.path" value="E:\ES2.0\ESBookmark2.0\target\test-classes;E:\ES2.0\ESBookmark2.0\target\classes;D:\Work\apache-maven-3.6.1\cahe\org\springframework\boot\spring-boot-starter-web\2.7.5\spring-boot-starter-web-2.7.5.jar;D:\Work\apache-maven-3.6.1\cahe\org\springframework\boot\spring-boot-starter\2.7.5\spring-boot-starter-2.7.5.jar;D:\Work\apache-maven-3.6.1\cahe\org\springframework\boot\spring-boot\2.7.5\spring-boot-2.7.5.jar;D:\Work\apache-maven-3.6.1\cahe\org\springframework\boot\spring-boot-autoconfigure\2.7.5\spring-boot-autoconfigure-2.7.5.jar;D:\Work\apache-maven-3.6.1\cahe\org\springframework\boot\spring-boot-starter-logging\2.7.5\spring-boot-starter-logging-2.7.5.jar;D:\Work\apache-maven-3.6.1\cahe\ch\qos\logback\logback-classic\1.2.11\logback-classic-1.2.11.jar;D:\Work\apache-maven-3.6.1\cahe\ch\qos\logback\logback-core\1.2.11\logback-core-1.2.11.jar;D:\Work\apache-maven-3.6.1\cahe\org\apache\logging\log4j\log4j-to-slf4j\2.17.2\log4j-to-slf4j-2.17.2.jar;D:\Work\apache-maven-3.6.1\cahe\org\apache\logging\log4j\log4j-api\2.17.2\log4j-api-2.17.2.jar;D:\Work\apache-maven-3.6.1\cahe\org\slf4j\jul-to-slf4j\1.7.36\jul-to-slf4j-1.7.36.jar;D:\Work\apache-maven-3.6.1\cahe\jakarta\annotation\jakarta.annotation-api\1.3.5\jakarta.annotation-api-1.3.5.jar;D:\Work\apache-maven-3.6.1\cahe\org\yaml\snakeyaml\1.30\snakeyaml-1.30.jar;D:\Work\apache-maven-3.6.1\cahe\org\springframework\boot\spring-boot-starter-json\2.7.5\spring-boot-starter-json-2.7.5.jar;D:\Work\apache-maven-3.6.1\cahe\com\fasterxml\jackson\datatype\jackson-datatype-jdk8\2.13.4\jackson-datatype-jdk8-2.13.4.jar;D:\Work\apache-maven-3.6.1\cahe\com\fasterxml\jackson\datatype\jackson-datatype-jsr310\2.13.4\jackson-datatype-jsr310-2.13.4.jar;D:\Work\apache-maven-3.6.1\cahe\com\fasterxml\jackson\module\jackson-module-parameter-names\2.13.4\jackson-module-parameter-names-2.13.4.jar;D:\Work\apache-maven-3.6.1\cahe\org\springframework\boot\spring-boot-starter-tomcat\2.7.5\spring-boot-starter-tomcat-2.7.5.jar;D:\Work\apache-maven-3.6.1\cahe\org\apache\tomcat\embed\tomcat-embed-core\9.0.68\tomcat-embed-core-9.0.68.jar;D:\Work\apache-maven-3.6.1\cahe\org\apache\tomcat\embed\tomcat-embed-el\9.0.68\tomcat-embed-el-9.0.68.jar;D:\Work\apache-maven-3.6.1\cahe\org\apache\tomcat\embed\tomcat-embed-websocket\9.0.68\tomcat-embed-websocket-9.0.68.jar;D:\Work\apache-maven-3.6.1\cahe\org\springframework\spring-web\5.3.23\spring-web-5.3.23.jar;D:\Work\apache-maven-3.6.1\cahe\org\springframework\spring-beans\5.3.23\spring-beans-5.3.23.jar;D:\Work\apache-maven-3.6.1\cahe\org\springframework\spring-webmvc\5.3.23\spring-webmvc-5.3.23.jar;D:\Work\apache-maven-3.6.1\cahe\org\springframework\spring-aop\5.3.23\spring-aop-5.3.23.jar;D:\Work\apache-maven-3.6.1\cahe\org\springframework\spring-context\5.3.23\spring-context-5.3.23.jar;D:\Work\apache-maven-3.6.1\cahe\org\springframework\spring-expression\5.3.23\spring-expression-5.3.23.jar;D:\Work\apache-maven-3.6.1\cahe\org\mybatis\spring\boot\mybatis-spring-boot-starter\2.2.2\mybatis-spring-boot-starter-2.2.2.jar;D:\Work\apache-maven-3.6.1\cahe\org\springframework\boot\spring-boot-starter-jdbc\2.7.5\spring-boot-starter-jdbc-2.7.5.jar;D:\Work\apache-maven-3.6.1\cahe\com\zaxxer\HikariCP\4.0.3\HikariCP-4.0.3.jar;D:\Work\apache-maven-3.6.1\cahe\org\springframework\spring-jdbc\5.3.23\spring-jdbc-5.3.23.jar;D:\Work\apache-maven-3.6.1\cahe\org\mybatis\spring\boot\mybatis-spring-boot-autoconfigure\2.2.2\mybatis-spring-boot-autoconfigure-2.2.2.jar;D:\Work\apache-maven-3.6.1\cahe\org\mybatis\mybatis\3.5.9\mybatis-3.5.9.jar;D:\Work\apache-maven-3.6.1\cahe\org\mybatis\mybatis-spring\2.0.7\mybatis-spring-2.0.7.jar;D:\Work\apache-maven-3.6.1\cahe\com\mysql\mysql-connector-j\8.0.31\mysql-connector-j-8.0.31.jar;D:\Work\apache-maven-3.6.1\cahe\org\projectlombok\lombok\1.18.24\lombok-1.18.24.jar;D:\Work\apache-maven-3.6.1\cahe\org\springframework\boot\spring-boot-starter-test\2.7.5\spring-boot-starter-test-2.7.5.jar;D:\Work\apache-maven-3.6.1\cahe\org\springframework\boot\spring-boot-test\2.7.5\spring-boot-test-2.7.5.jar;D:\Work\apache-maven-3.6.1\cahe\org\springframework\boot\spring-boot-test-autoconfigure\2.7.5\spring-boot-test-autoconfigure-2.7.5.jar;D:\Work\apache-maven-3.6.1\cahe\com\jayway\jsonpath\json-path\2.7.0\json-path-2.7.0.jar;D:\Work\apache-maven-3.6.1\cahe\net\minidev\json-smart\2.4.8\json-smart-2.4.8.jar;D:\Work\apache-maven-3.6.1\cahe\net\minidev\accessors-smart\2.4.8\accessors-smart-2.4.8.jar;D:\Work\apache-maven-3.6.1\cahe\org\ow2\asm\asm\9.1\asm-9.1.jar;D:\Work\apache-maven-3.6.1\cahe\org\slf4j\slf4j-api\1.7.36\slf4j-api-1.7.36.jar;D:\Work\apache-maven-3.6.1\cahe\jakarta\xml\bind\jakarta.xml.bind-api\2.3.3\jakarta.xml.bind-api-2.3.3.jar;D:\Work\apache-maven-3.6.1\cahe\jakarta\activation\jakarta.activation-api\1.2.2\jakarta.activation-api-1.2.2.jar;D:\Work\apache-maven-3.6.1\cahe\org\assertj\assertj-core\3.22.0\assertj-core-3.22.0.jar;D:\Work\apache-maven-3.6.1\cahe\org\hamcrest\hamcrest\2.2\hamcrest-2.2.jar;D:\Work\apache-maven-3.6.1\cahe\org\junit\jupiter\junit-jupiter\5.8.2\junit-jupiter-5.8.2.jar;D:\Work\apache-maven-3.6.1\cahe\org\junit\jupiter\junit-jupiter-api\5.8.2\junit-jupiter-api-5.8.2.jar;D:\Work\apache-maven-3.6.1\cahe\org\opentest4j\opentest4j\1.2.0\opentest4j-1.2.0.jar;D:\Work\apache-maven-3.6.1\cahe\org\junit\platform\junit-platform-commons\1.8.2\junit-platform-commons-1.8.2.jar;D:\Work\apache-maven-3.6.1\cahe\org\apiguardian\apiguardian-api\1.1.2\apiguardian-api-1.1.2.jar;D:\Work\apache-maven-3.6.1\cahe\org\junit\jupiter\junit-jupiter-params\5.8.2\junit-jupiter-params-5.8.2.jar;D:\Work\apache-maven-3.6.1\cahe\org\junit\jupiter\junit-jupiter-engine\5.8.2\junit-jupiter-engine-5.8.2.jar;D:\Work\apache-maven-3.6.1\cahe\org\junit\platform\junit-platform-engine\1.8.2\junit-platform-engine-1.8.2.jar;D:\Work\apache-maven-3.6.1\cahe\org\mockito\mockito-core\4.5.1\mockito-core-4.5.1.jar;D:\Work\apache-maven-3.6.1\cahe\net\bytebuddy\byte-buddy\1.12.18\byte-buddy-1.12.18.jar;D:\Work\apache-maven-3.6.1\cahe\net\bytebuddy\byte-buddy-agent\1.12.18\byte-buddy-agent-1.12.18.jar;D:\Work\apache-maven-3.6.1\cahe\org\objenesis\objenesis\3.2\objenesis-3.2.jar;D:\Work\apache-maven-3.6.1\cahe\org\mockito\mockito-junit-jupiter\4.5.1\mockito-junit-jupiter-4.5.1.jar;D:\Work\apache-maven-3.6.1\cahe\org\skyscreamer\jsonassert\1.5.1\jsonassert-1.5.1.jar;D:\Work\apache-maven-3.6.1\cahe\com\vaadin\external\google\android-json\0.0.20131108.vaadin1\android-json-0.0.20131108.vaadin1.jar;D:\Work\apache-maven-3.6.1\cahe\org\springframework\spring-core\5.3.23\spring-core-5.3.23.jar;D:\Work\apache-maven-3.6.1\cahe\org\springframework\spring-jcl\5.3.23\spring-jcl-5.3.23.jar;D:\Work\apache-maven-3.6.1\cahe\org\springframework\spring-test\5.3.23\spring-test-5.3.23.jar;D:\Work\apache-maven-3.6.1\cahe\org\xmlunit\xmlunit-core\2.9.0\xmlunit-core-2.9.0.jar;D:\Work\apache-maven-3.6.1\cahe\com\github\pagehelper\pagehelper-spring-boot-starter\1.4.7\pagehelper-spring-boot-starter-1.4.7.jar;D:\Work\apache-maven-3.6.1\cahe\com\github\pagehelper\pagehelper-spring-boot-autoconfigure\1.4.7\pagehelper-spring-boot-autoconfigure-1.4.7.jar;D:\Work\apache-maven-3.6.1\cahe\com\github\pagehelper\pagehelper\5.3.3\pagehelper-5.3.3.jar;D:\Work\apache-maven-3.6.1\cahe\com\github\jsqlparser\jsqlparser\4.5\jsqlparser-4.5.jar;D:\Work\apache-maven-3.6.1\cahe\org\glassfish\jaxb\jaxb-runtime\2.3.3\jaxb-runtime-2.3.3.jar;D:\Work\apache-maven-3.6.1\cahe\org\glassfish\jaxb\txw2\2.3.7\txw2-2.3.7.jar;D:\Work\apache-maven-3.6.1\cahe\com\sun\istack\istack-commons-runtime\3.0.11\istack-commons-runtime-3.0.11.jar;D:\Work\apache-maven-3.6.1\cahe\com\sun\activation\jakarta.activation\1.2.2\jakarta.activation-1.2.2.jar;D:\Work\apache-maven-3.6.1\cahe\org\springframework\boot\spring-boot-configuration-processor\2.7.5\spring-boot-configuration-processor-2.7.5.jar;D:\Work\apache-maven-3.6.1\cahe\io\jsonwebtoken\jjwt\0.9.1\jjwt-0.9.1.jar;D:\Work\apache-maven-3.6.1\cahe\com\fasterxml\jackson\core\jackson-databind\2.13.4.2\jackson-databind-2.13.4.2.jar;D:\Work\apache-maven-3.6.1\cahe\com\fasterxml\jackson\core\jackson-annotations\2.13.4\jackson-annotations-2.13.4.jar;D:\Work\apache-maven-3.6.1\cahe\com\fasterxml\jackson\core\jackson-core\2.13.4\jackson-core-2.13.4.jar;D:\Work\apache-maven-3.6.1\cahe\com\alibaba\fastjson\1.2.76\fastjson-1.2.76.jar;D:\Work\apache-maven-3.6.1\cahe\org\springframework\boot\spring-boot-starter-data-redis\2.7.5\spring-boot-starter-data-redis-2.7.5.jar;D:\Work\apache-maven-3.6.1\cahe\org\springframework\data\spring-data-redis\2.7.5\spring-data-redis-2.7.5.jar;D:\Work\apache-maven-3.6.1\cahe\org\springframework\data\spring-data-keyvalue\2.7.5\spring-data-keyvalue-2.7.5.jar;D:\Work\apache-maven-3.6.1\cahe\org\springframework\data\spring-data-commons\2.7.5\spring-data-commons-2.7.5.jar;D:\Work\apache-maven-3.6.1\cahe\org\springframework\spring-tx\5.3.23\spring-tx-5.3.23.jar;D:\Work\apache-maven-3.6.1\cahe\org\springframework\spring-oxm\5.3.23\spring-oxm-5.3.23.jar;D:\Work\apache-maven-3.6.1\cahe\org\springframework\spring-context-support\5.3.23\spring-context-support-5.3.23.jar;D:\Work\apache-maven-3.6.1\cahe\io\lettuce\lettuce-core\6.1.10.RELEASE\lettuce-core-6.1.10.RELEASE.jar;D:\Work\apache-maven-3.6.1\cahe\io\netty\netty-common\4.1.84.Final\netty-common-4.1.84.Final.jar;D:\Work\apache-maven-3.6.1\cahe\io\netty\netty-handler\4.1.84.Final\netty-handler-4.1.84.Final.jar;D:\Work\apache-maven-3.6.1\cahe\io\netty\netty-resolver\4.1.84.Final\netty-resolver-4.1.84.Final.jar;D:\Work\apache-maven-3.6.1\cahe\io\netty\netty-buffer\4.1.84.Final\netty-buffer-4.1.84.Final.jar;D:\Work\apache-maven-3.6.1\cahe\io\netty\netty-transport-native-unix-common\4.1.84.Final\netty-transport-native-unix-common-4.1.84.Final.jar;D:\Work\apache-maven-3.6.1\cahe\io\netty\netty-codec\4.1.84.Final\netty-codec-4.1.84.Final.jar;D:\Work\apache-maven-3.6.1\cahe\io\netty\netty-transport\4.1.84.Final\netty-transport-4.1.84.Final.jar;D:\Work\apache-maven-3.6.1\cahe\io\projectreactor\reactor-core\3.4.24\reactor-core-3.4.24.jar;D:\Work\apache-maven-3.6.1\cahe\org\reactivestreams\reactive-streams\1.0.4\reactive-streams-1.0.4.jar;D:\Work\apache-maven-3.6.1\cahe\org\apache\commons\commons-pool2\2.11.1\commons-pool2-2.11.1.jar;"/>
    <property name="java.vm.vendor" value="Oracle Corporation"/>
    <property name="sun.arch.data.model" value="64"/>
    <property name="user.variant" value=""/>
    <property name="java.vendor.url" value="https://openjdk.java.net/"/>
    <property name="user.timezone" value="Asia/Shanghai"/>
    <property name="java.vm.specification.version" value="11"/>
    <property name="os.name" value="Windows 10"/>
    <property name="sun.java.launcher" value="SUN_STANDARD"/>
    <property name="user.country" value="CN"/>
    <property name="sun.boot.library.path" value="C:\Program Files\Java\jdk-11.0.12\bin"/>
    <property name="sun.java.command" value="C:\Users\ADMINI~1\AppData\Local\Temp\surefire1194720899877411820\surefirebooter13739616930042713335.jar C:\Users\Administrator\AppData\Local\Temp\surefire1194720899877411820 2024-06-21T21-31-58_127-jvmRun1 surefire4235995612728281081tmp surefire_016371567274719137740tmp"/>
    <property name="jdk.debug" value="release"/>
    <property name="surefire.test.class.path" value="E:\ES2.0\ESBookmark2.0\target\test-classes;E:\ES2.0\ESBookmark2.0\target\classes;D:\Work\apache-maven-3.6.1\cahe\org\springframework\boot\spring-boot-starter-web\2.7.5\spring-boot-starter-web-2.7.5.jar;D:\Work\apache-maven-3.6.1\cahe\org\springframework\boot\spring-boot-starter\2.7.5\spring-boot-starter-2.7.5.jar;D:\Work\apache-maven-3.6.1\cahe\org\springframework\boot\spring-boot\2.7.5\spring-boot-2.7.5.jar;D:\Work\apache-maven-3.6.1\cahe\org\springframework\boot\spring-boot-autoconfigure\2.7.5\spring-boot-autoconfigure-2.7.5.jar;D:\Work\apache-maven-3.6.1\cahe\org\springframework\boot\spring-boot-starter-logging\2.7.5\spring-boot-starter-logging-2.7.5.jar;D:\Work\apache-maven-3.6.1\cahe\ch\qos\logback\logback-classic\1.2.11\logback-classic-1.2.11.jar;D:\Work\apache-maven-3.6.1\cahe\ch\qos\logback\logback-core\1.2.11\logback-core-1.2.11.jar;D:\Work\apache-maven-3.6.1\cahe\org\apache\logging\log4j\log4j-to-slf4j\2.17.2\log4j-to-slf4j-2.17.2.jar;D:\Work\apache-maven-3.6.1\cahe\org\apache\logging\log4j\log4j-api\2.17.2\log4j-api-2.17.2.jar;D:\Work\apache-maven-3.6.1\cahe\org\slf4j\jul-to-slf4j\1.7.36\jul-to-slf4j-1.7.36.jar;D:\Work\apache-maven-3.6.1\cahe\jakarta\annotation\jakarta.annotation-api\1.3.5\jakarta.annotation-api-1.3.5.jar;D:\Work\apache-maven-3.6.1\cahe\org\yaml\snakeyaml\1.30\snakeyaml-1.30.jar;D:\Work\apache-maven-3.6.1\cahe\org\springframework\boot\spring-boot-starter-json\2.7.5\spring-boot-starter-json-2.7.5.jar;D:\Work\apache-maven-3.6.1\cahe\com\fasterxml\jackson\datatype\jackson-datatype-jdk8\2.13.4\jackson-datatype-jdk8-2.13.4.jar;D:\Work\apache-maven-3.6.1\cahe\com\fasterxml\jackson\datatype\jackson-datatype-jsr310\2.13.4\jackson-datatype-jsr310-2.13.4.jar;D:\Work\apache-maven-3.6.1\cahe\com\fasterxml\jackson\module\jackson-module-parameter-names\2.13.4\jackson-module-parameter-names-2.13.4.jar;D:\Work\apache-maven-3.6.1\cahe\org\springframework\boot\spring-boot-starter-tomcat\2.7.5\spring-boot-starter-tomcat-2.7.5.jar;D:\Work\apache-maven-3.6.1\cahe\org\apache\tomcat\embed\tomcat-embed-core\9.0.68\tomcat-embed-core-9.0.68.jar;D:\Work\apache-maven-3.6.1\cahe\org\apache\tomcat\embed\tomcat-embed-el\9.0.68\tomcat-embed-el-9.0.68.jar;D:\Work\apache-maven-3.6.1\cahe\org\apache\tomcat\embed\tomcat-embed-websocket\9.0.68\tomcat-embed-websocket-9.0.68.jar;D:\Work\apache-maven-3.6.1\cahe\org\springframework\spring-web\5.3.23\spring-web-5.3.23.jar;D:\Work\apache-maven-3.6.1\cahe\org\springframework\spring-beans\5.3.23\spring-beans-5.3.23.jar;D:\Work\apache-maven-3.6.1\cahe\org\springframework\spring-webmvc\5.3.23\spring-webmvc-5.3.23.jar;D:\Work\apache-maven-3.6.1\cahe\org\springframework\spring-aop\5.3.23\spring-aop-5.3.23.jar;D:\Work\apache-maven-3.6.1\cahe\org\springframework\spring-context\5.3.23\spring-context-5.3.23.jar;D:\Work\apache-maven-3.6.1\cahe\org\springframework\spring-expression\5.3.23\spring-expression-5.3.23.jar;D:\Work\apache-maven-3.6.1\cahe\org\mybatis\spring\boot\mybatis-spring-boot-starter\2.2.2\mybatis-spring-boot-starter-2.2.2.jar;D:\Work\apache-maven-3.6.1\cahe\org\springframework\boot\spring-boot-starter-jdbc\2.7.5\spring-boot-starter-jdbc-2.7.5.jar;D:\Work\apache-maven-3.6.1\cahe\com\zaxxer\HikariCP\4.0.3\HikariCP-4.0.3.jar;D:\Work\apache-maven-3.6.1\cahe\org\springframework\spring-jdbc\5.3.23\spring-jdbc-5.3.23.jar;D:\Work\apache-maven-3.6.1\cahe\org\mybatis\spring\boot\mybatis-spring-boot-autoconfigure\2.2.2\mybatis-spring-boot-autoconfigure-2.2.2.jar;D:\Work\apache-maven-3.6.1\cahe\org\mybatis\mybatis\3.5.9\mybatis-3.5.9.jar;D:\Work\apache-maven-3.6.1\cahe\org\mybatis\mybatis-spring\2.0.7\mybatis-spring-2.0.7.jar;D:\Work\apache-maven-3.6.1\cahe\com\mysql\mysql-connector-j\8.0.31\mysql-connector-j-8.0.31.jar;D:\Work\apache-maven-3.6.1\cahe\org\projectlombok\lombok\1.18.24\lombok-1.18.24.jar;D:\Work\apache-maven-3.6.1\cahe\org\springframework\boot\spring-boot-starter-test\2.7.5\spring-boot-starter-test-2.7.5.jar;D:\Work\apache-maven-3.6.1\cahe\org\springframework\boot\spring-boot-test\2.7.5\spring-boot-test-2.7.5.jar;D:\Work\apache-maven-3.6.1\cahe\org\springframework\boot\spring-boot-test-autoconfigure\2.7.5\spring-boot-test-autoconfigure-2.7.5.jar;D:\Work\apache-maven-3.6.1\cahe\com\jayway\jsonpath\json-path\2.7.0\json-path-2.7.0.jar;D:\Work\apache-maven-3.6.1\cahe\net\minidev\json-smart\2.4.8\json-smart-2.4.8.jar;D:\Work\apache-maven-3.6.1\cahe\net\minidev\accessors-smart\2.4.8\accessors-smart-2.4.8.jar;D:\Work\apache-maven-3.6.1\cahe\org\ow2\asm\asm\9.1\asm-9.1.jar;D:\Work\apache-maven-3.6.1\cahe\org\slf4j\slf4j-api\1.7.36\slf4j-api-1.7.36.jar;D:\Work\apache-maven-3.6.1\cahe\jakarta\xml\bind\jakarta.xml.bind-api\2.3.3\jakarta.xml.bind-api-2.3.3.jar;D:\Work\apache-maven-3.6.1\cahe\jakarta\activation\jakarta.activation-api\1.2.2\jakarta.activation-api-1.2.2.jar;D:\Work\apache-maven-3.6.1\cahe\org\assertj\assertj-core\3.22.0\assertj-core-3.22.0.jar;D:\Work\apache-maven-3.6.1\cahe\org\hamcrest\hamcrest\2.2\hamcrest-2.2.jar;D:\Work\apache-maven-3.6.1\cahe\org\junit\jupiter\junit-jupiter\5.8.2\junit-jupiter-5.8.2.jar;D:\Work\apache-maven-3.6.1\cahe\org\junit\jupiter\junit-jupiter-api\5.8.2\junit-jupiter-api-5.8.2.jar;D:\Work\apache-maven-3.6.1\cahe\org\opentest4j\opentest4j\1.2.0\opentest4j-1.2.0.jar;D:\Work\apache-maven-3.6.1\cahe\org\junit\platform\junit-platform-commons\1.8.2\junit-platform-commons-1.8.2.jar;D:\Work\apache-maven-3.6.1\cahe\org\apiguardian\apiguardian-api\1.1.2\apiguardian-api-1.1.2.jar;D:\Work\apache-maven-3.6.1\cahe\org\junit\jupiter\junit-jupiter-params\5.8.2\junit-jupiter-params-5.8.2.jar;D:\Work\apache-maven-3.6.1\cahe\org\junit\jupiter\junit-jupiter-engine\5.8.2\junit-jupiter-engine-5.8.2.jar;D:\Work\apache-maven-3.6.1\cahe\org\junit\platform\junit-platform-engine\1.8.2\junit-platform-engine-1.8.2.jar;D:\Work\apache-maven-3.6.1\cahe\org\mockito\mockito-core\4.5.1\mockito-core-4.5.1.jar;D:\Work\apache-maven-3.6.1\cahe\net\bytebuddy\byte-buddy\1.12.18\byte-buddy-1.12.18.jar;D:\Work\apache-maven-3.6.1\cahe\net\bytebuddy\byte-buddy-agent\1.12.18\byte-buddy-agent-1.12.18.jar;D:\Work\apache-maven-3.6.1\cahe\org\objenesis\objenesis\3.2\objenesis-3.2.jar;D:\Work\apache-maven-3.6.1\cahe\org\mockito\mockito-junit-jupiter\4.5.1\mockito-junit-jupiter-4.5.1.jar;D:\Work\apache-maven-3.6.1\cahe\org\skyscreamer\jsonassert\1.5.1\jsonassert-1.5.1.jar;D:\Work\apache-maven-3.6.1\cahe\com\vaadin\external\google\android-json\0.0.20131108.vaadin1\android-json-0.0.20131108.vaadin1.jar;D:\Work\apache-maven-3.6.1\cahe\org\springframework\spring-core\5.3.23\spring-core-5.3.23.jar;D:\Work\apache-maven-3.6.1\cahe\org\springframework\spring-jcl\5.3.23\spring-jcl-5.3.23.jar;D:\Work\apache-maven-3.6.1\cahe\org\springframework\spring-test\5.3.23\spring-test-5.3.23.jar;D:\Work\apache-maven-3.6.1\cahe\org\xmlunit\xmlunit-core\2.9.0\xmlunit-core-2.9.0.jar;D:\Work\apache-maven-3.6.1\cahe\com\github\pagehelper\pagehelper-spring-boot-starter\1.4.7\pagehelper-spring-boot-starter-1.4.7.jar;D:\Work\apache-maven-3.6.1\cahe\com\github\pagehelper\pagehelper-spring-boot-autoconfigure\1.4.7\pagehelper-spring-boot-autoconfigure-1.4.7.jar;D:\Work\apache-maven-3.6.1\cahe\com\github\pagehelper\pagehelper\5.3.3\pagehelper-5.3.3.jar;D:\Work\apache-maven-3.6.1\cahe\com\github\jsqlparser\jsqlparser\4.5\jsqlparser-4.5.jar;D:\Work\apache-maven-3.6.1\cahe\org\glassfish\jaxb\jaxb-runtime\2.3.3\jaxb-runtime-2.3.3.jar;D:\Work\apache-maven-3.6.1\cahe\org\glassfish\jaxb\txw2\2.3.7\txw2-2.3.7.jar;D:\Work\apache-maven-3.6.1\cahe\com\sun\istack\istack-commons-runtime\3.0.11\istack-commons-runtime-3.0.11.jar;D:\Work\apache-maven-3.6.1\cahe\com\sun\activation\jakarta.activation\1.2.2\jakarta.activation-1.2.2.jar;D:\Work\apache-maven-3.6.1\cahe\org\springframework\boot\spring-boot-configuration-processor\2.7.5\spring-boot-configuration-processor-2.7.5.jar;D:\Work\apache-maven-3.6.1\cahe\io\jsonwebtoken\jjwt\0.9.1\jjwt-0.9.1.jar;D:\Work\apache-maven-3.6.1\cahe\com\fasterxml\jackson\core\jackson-databind\2.13.4.2\jackson-databind-2.13.4.2.jar;D:\Work\apache-maven-3.6.1\cahe\com\fasterxml\jackson\core\jackson-annotations\2.13.4\jackson-annotations-2.13.4.jar;D:\Work\apache-maven-3.6.1\cahe\com\fasterxml\jackson\core\jackson-core\2.13.4\jackson-core-2.13.4.jar;D:\Work\apache-maven-3.6.1\cahe\com\alibaba\fastjson\1.2.76\fastjson-1.2.76.jar;D:\Work\apache-maven-3.6.1\cahe\org\springframework\boot\spring-boot-starter-data-redis\2.7.5\spring-boot-starter-data-redis-2.7.5.jar;D:\Work\apache-maven-3.6.1\cahe\org\springframework\data\spring-data-redis\2.7.5\spring-data-redis-2.7.5.jar;D:\Work\apache-maven-3.6.1\cahe\org\springframework\data\spring-data-keyvalue\2.7.5\spring-data-keyvalue-2.7.5.jar;D:\Work\apache-maven-3.6.1\cahe\org\springframework\data\spring-data-commons\2.7.5\spring-data-commons-2.7.5.jar;D:\Work\apache-maven-3.6.1\cahe\org\springframework\spring-tx\5.3.23\spring-tx-5.3.23.jar;D:\Work\apache-maven-3.6.1\cahe\org\springframework\spring-oxm\5.3.23\spring-oxm-5.3.23.jar;D:\Work\apache-maven-3.6.1\cahe\org\springframework\spring-context-support\5.3.23\spring-context-support-5.3.23.jar;D:\Work\apache-maven-3.6.1\cahe\io\lettuce\lettuce-core\6.1.10.RELEASE\lettuce-core-6.1.10.RELEASE.jar;D:\Work\apache-maven-3.6.1\cahe\io\netty\netty-common\4.1.84.Final\netty-common-4.1.84.Final.jar;D:\Work\apache-maven-3.6.1\cahe\io\netty\netty-handler\4.1.84.Final\netty-handler-4.1.84.Final.jar;D:\Work\apache-maven-3.6.1\cahe\io\netty\netty-resolver\4.1.84.Final\netty-resolver-4.1.84.Final.jar;D:\Work\apache-maven-3.6.1\cahe\io\netty\netty-buffer\4.1.84.Final\netty-buffer-4.1.84.Final.jar;D:\Work\apache-maven-3.6.1\cahe\io\netty\netty-transport-native-unix-common\4.1.84.Final\netty-transport-native-unix-common-4.1.84.Final.jar;D:\Work\apache-maven-3.6.1\cahe\io\netty\netty-codec\4.1.84.Final\netty-codec-4.1.84.Final.jar;D:\Work\apache-maven-3.6.1\cahe\io\netty\netty-transport\4.1.84.Final\netty-transport-4.1.84.Final.jar;D:\Work\apache-maven-3.6.1\cahe\io\projectreactor\reactor-core\3.4.24\reactor-core-3.4.24.jar;D:\Work\apache-maven-3.6.1\cahe\org\reactivestreams\reactive-streams\1.0.4\reactive-streams-1.0.4.jar;D:\Work\apache-maven-3.6.1\cahe\org\apache\commons\commons-pool2\2.11.1\commons-pool2-2.11.1.jar;"/>
    <property name="sun.cpu.endian" value="little"/>
    <property name="user.home" value="C:\Users\Administrator"/>
    <property name="user.language" value="zh"/>
    <property name="java.specification.vendor" value="Oracle Corporation"/>
    <property name="java.version.date" value="2021-07-20"/>
    <property name="java.home" value="C:\Program Files\Java\jdk-11.0.12"/>
    <property name="file.separator" value="\"/>
    <property name="basedir" value="E:\ES2.0\ESBookmark2.0"/>
    <property name="java.vm.compressedOopsMode" value="Zero based"/>
    <property name="line.separator" value="&#10;"/>
    <property name="java.specification.name" value="Java Platform API Specification"/>
    <property name="java.vm.specification.vendor" value="Oracle Corporation"/>
    <property name="java.awt.graphicsenv" value="sun.awt.Win32GraphicsEnvironment"/>
    <property name="surefire.real.class.path" value="C:\Users\ADMINI~1\AppData\Local\Temp\surefire1194720899877411820\surefirebooter13739616930042713335.jar"/>
    <property name="user.script" value=""/>
    <property name="sun.management.compiler" value="HotSpot 64-Bit Tiered Compilers"/>
    <property name="java.runtime.version" value="11.0.12+8-LTS-237"/>
    <property name="user.name" value="2rkeymjqmjl"/>
    <property name="path.separator" value=";"/>
    <property name="os.version" value="10.0"/>
    <property name="java.runtime.name" value="Java(TM) SE Runtime Environment"/>
    <property name="file.encoding" value="GBK"/>
    <property name="java.vm.name" value="Java HotSpot(TM) 64-Bit Server VM"/>
    <property name="java.vendor.version" value="18.9"/>
    <property name="localRepository" value="D:\Work\apache-maven-3.6.1\cahe"/>
    <property name="java.vendor.url.bug" value="https://bugreport.java.com/bugreport/"/>
    <property name="java.io.tmpdir" value="C:\Users\ADMINI~1\AppData\Local\Temp\"/>
    <property name="idea.version" value="2022.2"/>
    <property name="java.version" value="11.0.12"/>
    <property name="user.dir" value="E:\ES2.0\ESBookmark2.0"/>
    <property name="os.arch" value="amd64"/>
    <property name="java.vm.specification.name" value="Java Virtual Machine Specification"/>
    <property name="java.awt.printerjob" value="sun.awt.windows.WPrinterJob"/>
    <property name="sun.os.patch.level" value=""/>
    <property name="java.library.path" value="C:\Program Files\Java\jdk-11.0.12\bin;C:\Windows\Sun\Java\bin;C:\Windows\system32;C:\Windows;C:\Program Files\Java\jdk-17.0.1\bin;D:\Work\JAVA\Mysql\bin;D:\Work\VMware16\bin\;C:\Program Files (x86)\Common Files\Oracle\Java\javapath;C:\Program Files\Common Files\Oracle\Java\javapath;C:\Program Files (x86)\Common Files\Intel\Shared Libraries\redist\intel64\compiler;C:\Windows\system32;D:\Work\php8.28;C:\Windows;D:\Work\Python 3.9.6;C:\Windows\System32\Wbem;C:\Windows\System32\WindowsPowerShell\v1.0\;C:\Windows\System32\OpenSSH\;C:\Program Files (x86)\NVIDIA Corporation\PhysX\Common;C:\Program Files\NVIDIA Corporation\NVIDIA NvDLISR;C:\Program Files\Microsoft SQL Server\120\Tools\Binn\;C:\Program Files\Microsoft SQL Server\130\Tools\Binn\;C:\Users\86152\AppData\Local\Microsoft\WindowsApps;C:\Users\86152\.dotnet\tools;C:\Program Files\Java\jre7\bin;C:\Users\86152\AppData\Local\Programs\Python\Python39\Scripts\jupyter-notebook;C:\Users\86152\AppData\Local\Programs\Python\Python39\python;C:\Program Files\dotnet\;C:\strawberry\c\bin;C:\strawberry\perl\bin;D:\Work\微信we;D;\Work\nacos1.4.1\bin;D:\Work\node-v16.20.2;D:\Work\Redis4.0x64;D:\Work\apache-tomcat-8.5.42\bin;D:\Work\Python_cahe\MyReptile\src;E:\Game\UltraEdit;C:\Program Files\Git\cmd;D:\Work\Git LFS;D:\Work\JAVA\Mysql\bin;C:\Users\86152\AppData\Local\Programs\Python\Python39\Scripts\;C:\Users\86152\AppData\Local\Programs\Python\Python39\;D:\Work\Python3.9.2\Scripts\;D:\Work\Python3.9.2\;D:\Work\Python 3.9.6\Scripts\;D:\Work\Python 3.9.6\;C:\Users\Administrator\AppData\Local\Microsoft\WindowsApps;D:\Work\Cpolar\;D:\Work\PhpStorm 2022.2.3\bin;;D:\Work\Node\node_global;C:\Users\Administrator\AppData\Local\GitHubDesktop\bin;."/>
    <property name="java.vendor" value="Oracle Corporation"/>
    <property name="java.vm.info" value="mixed mode"/>
    <property name="java.vm.version" value="11.0.12+8-LTS-237"/>
    <property name="sun.io.unicode.encoding" value="UnicodeLittle"/>
    <property name="java.class.version" value="55.0"/>
  </properties>
  <testcase name="testUuid" classname="com.example.TliasWebManagementApplicationTests" time="0.482"/>
  <testcase name="testGenJwt" classname="com.example.TliasWebManagementApplicationTests" time="0.021"/>
  <testcase name="testParseJwt" classname="com.example.TliasWebManagementApplicationTests" time="0.016">
    <error message="JWT expired at 2022-12-08T09:55:47Z. Current time: 2024-06-21T21:32:03Z, a difference of 48512176723 milliseconds.  Allowed clock skew: 0 milliseconds." type="io.jsonwebtoken.ExpiredJwtException">io.jsonwebtoken.ExpiredJwtException: JWT expired at 2022-12-08T09:55:47Z. Current time: 2024-06-21T21:32:03Z, a difference of 48512176723 milliseconds.  Allowed clock skew: 0 milliseconds.
	at com.example.TliasWebManagementApplicationTests.testParseJwt(TliasWebManagementApplicationTests.java:50)
</error>
  </testcase>
</testsuite>